<?xml version="1.0" encoding="utf-8"?><testsuites name="pytest tests"><testsuite name="pytest" errors="0" failures="0" skipped="0" tests="16" time="6.229" timestamp="2026-02-17T03:20:53.414690+00:00" hostname="agent-env-8346846d-8db8-491d-89a1-f35b93538f50"><testcase classname="backend.tests.test_onboarding_api.TestRecipePoolCount" name="test_pool_count_no_filters" time="0.761" /><testcase classname="backend.tests.test_onboarding_api.TestRecipePoolCount" name="test_pool_count_with_vegan_preference" time="0.254" /><testcase classname="backend.tests.test_onboarding_api.TestRecipePoolCount" name="test_pool_count_with_allergen_nuts" time="0.130" /><testcase classname="backend.tests.test_onboarding_api.TestRecipePoolCount" name="test_pool_count_with_multiple_allergens" time="0.210" /><testcase classname="backend.tests.test_onboarding_api.TestRecipePoolCount" name="test_pool_count_combined_preference_and_allergen" time="0.137" /><testcase classname="backend.tests.test_onboarding_api.TestUserProfileAllergens" name="test_default_allergens_empty" time="0.347" /><testcase classname="backend.tests.test_onboarding_api.TestUserProfileAllergens" name="test_update_profile_with_allergens" time="1.587" /><testcase classname="backend.tests.test_onboarding_api.TestUserProfileAllergens" name="test_get_profile_returns_allergens" time="0.157" /><testcase classname="backend.tests.test_onboarding_api.TestWeeklyAutomation" name="test_default_auto_regenerate_false" time="0.524" /><testcase classname="backend.tests.test_onboarding_api.TestWeeklyAutomation" name="test_update_auto_regenerate_enabled" time="0.148" /><testcase classname="backend.tests.test_onboarding_api.TestWeeklyAutomation" name="test_update_auto_regenerate_disabled" time="0.136" /><testcase classname="backend.tests.test_onboarding_api.TestPrepLevelMapping" name="test_prep_level_batch_mode" time="0.549" /><testcase classname="backend.tests.test_onboarding_api.TestPrepLevelMapping" name="test_prep_level_balanced" time="0.156" /><testcase classname="backend.tests.test_onboarding_api.TestPrepLevelMapping" name="test_prep_level_variety" time="0.175" /><testcase classname="backend.tests.test_onboarding_api.TestOnboardingComplete" name="test_full_onboarding_profile_update" time="0.554" /><testcase classname="backend.tests.test_onboarding_api.TestOnboardingComplete" name="test_meal_plan_generation_after_onboarding" time="0.239" /></testsuite></testsuites>